This is XeTeX, Version 3.14159265-2.6-0.999992 (TeX Live 2020/W32TeX) (preloaded format=xelatex 2020.8.22)  27 SEP 2020 08:44
entering extended mode
 restricted \write18 enabled.
 %&-line parsing enabled.
**time.py
(./time.py
LaTeX2e <2020-02-02> patch level 5
L3 programming layer <2020-03-06>
! You can't use `macro parameter character #' in vertical mode.
l.1 #
      coding=utf-8
? X
 
Here is how much of TeX's memory you used:
 15 strings out of 479418
 282 string characters out of 5888105
 245334 words of memory out of 5000000
 17635 multiletter control sequences out of 15000+600000
 532338 words of font info for 24 fonts, out of 8000000 for 9000
 1348 hyphenation exceptions out of 8191
 12i,0n,15p,53b,8s stack positions out of 5000i,500n,10000p,200000b,80000s
No pages of output.
