This is XeTeX, Version 3.14159265-2.6-0.999992 (TeX Live 2020/W32TeX) (preloaded format=xelatex 2020.8.22)  27 SEP 2020 08:41
entering extended mode
 restricted \write18 enabled.
 %&-line parsing enabled.
**.\cherry_tree.py
(c:/texlive/2020/texmf-dist/tex/latex/tools/x.tex
! Interruption.
<to be read again> 
                   \begingroup 
l.1 
    %%
? X
 
Here is how much of TeX's memory you used:
 8 strings out of 479418
 155 string characters out of 5888105
 245334 words of memory out of 5000000
 17624 multiletter control sequences out of 15000+600000
 532338 words of font info for 24 fonts, out of 8000000 for 9000
 1348 hyphenation exceptions out of 8191
 3i,0n,1p,25b,6s stack positions out of 5000i,500n,10000p,200000b,80000s
No pages of output.
